<?xml version="1.0" encoding="UTF-8"?>
<testng-results ignored="0" total="3" passed="1" failed="1" skipped="1">
  <reporter-output>
  </reporter-output>
  <suite started-at="2024-09-09T23:34:11 IST" name="Default suite" finished-at="2024-09-09T23:34:36 IST" duration-ms="24605">
    <groups>
      <group name="purchase">
        <method signature="SubmitOrder.submitOrder(java.util.HashMap)[pri:0, instance:SeleniumFramework.SeleniumFrameworkFirst.SubmitOrder@15043a2f]" name="submitOrder" class="SeleniumFramework.SeleniumFrameworkFirst.SubmitOrder"/>
      </group> <!-- purchase -->
    </groups>
    <test started-at="2024-09-09T23:34:11 IST" name="Default test" finished-at="2024-09-09T23:34:36 IST" duration-ms="24605">
      <class name="SeleniumFramework.SeleniumFrameworkFirst.SubmitOrder">
        <test-method is-config="true" signature="launchWebsite()[pri:0, instance:SeleniumFramework.SeleniumFrameworkFirst.SubmitOrder@15043a2f]" started-at="2024-09-09T23:34:12 IST" name="launchWebsite" finished-at="2024-09-09T23:34:20 IST" duration-ms="8015" status="PASS">
          <reporter-output>
          </reporter-output>
        </test-method> <!-- launchWebsite -->
        <test-method signature="submitOrder(java.util.HashMap)[pri:0, instance:SeleniumFramework.SeleniumFrameworkFirst.SubmitOrder@15043a2f]" started-at="2024-09-09T23:34:20 IST" name="submitOrder" data-provider="getOrder" finished-at="2024-09-09T23:34:28 IST" duration-ms="8049" status="PASS">
          <params>
            <param index="0">
              <value>
                <![CDATA[{productname=ZARA COAT 3, password=Test@123, email=priyankasharma262634@gmail.com}]]>
              </value>
            </param>
          </params>
          <reporter-output>
          </reporter-output>
        </test-method> <!-- submitOrder -->
        <test-method is-config="true" signature="closeMethod()[pri:0, instance:SeleniumFramework.SeleniumFrameworkFirst.SubmitOrder@15043a2f]" started-at="2024-09-09T23:34:28 IST" name="closeMethod" finished-at="2024-09-09T23:34:28 IST" duration-ms="141" status="PASS">
          <reporter-output>
          </reporter-output>
        </test-method> <!-- closeMethod -->
        <test-method is-config="true" signature="launchWebsite()[pri:0, instance:SeleniumFramework.SeleniumFrameworkFirst.SubmitOrder@15043a2f]" started-at="2024-09-09T23:34:28 IST" name="launchWebsite" finished-at="2024-09-09T23:34:30 IST" duration-ms="1443" status="PASS">
          <reporter-output>
          </reporter-output>
        </test-method> <!-- launchWebsite -->
        <test-method signature="submitOrder(java.util.HashMap)[pri:0, instance:SeleniumFramework.SeleniumFrameworkFirst.SubmitOrder@15043a2f]" started-at="2024-09-09T23:34:30 IST" name="submitOrder" data-provider="getOrder" finished-at="2024-09-09T23:34:36 IST" duration-ms="6331" status="FAIL">
          <params>
            <param index="0">
              <value>
                <![CDATA[{productname=ADIDAS ORIGINAL, password=Test@1234, email=priyankasharma2626341@gmail.com}]]>
              </value>
            </param>
          </params>
          <exception class="java.lang.AssertionError">
            <message>
              <![CDATA[expected [true] but found [false]]]>
            </message>
            <full-stacktrace>
              <![CDATA[java.lang.AssertionError: expected [true] but found [false]
at org.testng.Assert.fail(Assert.java:111)
at org.testng.Assert.failNotEquals(Assert.java:1578)
at org.testng.Assert.assertTrue(Assert.java:57)
at org.testng.Assert.assertTrue(Assert.java:67)
at SeleniumFramework.SeleniumFrameworkFirst.SubmitOrder.submitOrder(SubmitOrder.java:42)
at java.base/jdk.internal.reflect.NativeMethodAccessorImpl.invoke0(Native Method)
at java.base/jdk.internal.reflect.NativeMethodAccessorImpl.invoke(NativeMethodAccessorImpl.java:77)
at java.base/jdk.internal.reflect.DelegatingMethodAccessorImpl.invoke(DelegatingMethodAccessorImpl.java:43)
at java.base/java.lang.reflect.Method.invoke(Method.java:568)
at org.testng.internal.invokers.MethodInvocationHelper.invokeMethod(MethodInvocationHelper.java:141)
at org.testng.internal.invokers.TestInvoker.invokeMethod(TestInvoker.java:686)
at org.testng.internal.invokers.TestInvoker.invokeTestMethod(TestInvoker.java:230)
at org.testng.internal.invokers.MethodRunner.runInSequence(MethodRunner.java:63)
at org.testng.internal.invokers.TestInvoker$MethodInvocationAgent.invoke(TestInvoker.java:992)
at org.testng.internal.invokers.TestInvoker.invokeTestMethods(TestInvoker.java:203)
at org.testng.internal.invokers.TestMethodWorker.invokeTestMethods(TestMethodWorker.java:154)
at org.testng.internal.invokers.TestMethodWorker.run(TestMethodWorker.java:134)
at java.base/java.util.ArrayList.forEach(ArrayList.java:1511)
at org.testng.TestRunner.privateRun(TestRunner.java:739)
at org.testng.TestRunner.run(TestRunner.java:614)
at org.testng.SuiteRunner.runTest(SuiteRunner.java:421)
at org.testng.SuiteRunner.runSequentially(SuiteRunner.java:413)
at org.testng.SuiteRunner.privateRun(SuiteRunner.java:373)
at org.testng.SuiteRunner.run(SuiteRunner.java:312)
at org.testng.SuiteRunnerWorker.runSuite(SuiteRunnerWorker.java:52)
at org.testng.SuiteRunnerWorker.run(SuiteRunnerWorker.java:95)
at org.testng.TestNG.runSuitesSequentially(TestNG.java:1274)
at org.testng.TestNG.runSuitesLocally(TestNG.java:1208)
at org.testng.TestNG.runSuites(TestNG.java:1112)
at org.testng.TestNG.run(TestNG.java:1079)
at org.testng.remote.AbstractRemoteTestNG.run(AbstractRemoteTestNG.java:115)
at org.testng.remote.RemoteTestNG.initAndRun(RemoteTestNG.java:293)
at org.testng.remote.RemoteTestNG.main(RemoteTestNG.java:91)
]]>
            </full-stacktrace>
          </exception> <!-- java.lang.AssertionError -->
          <reporter-output>
          </reporter-output>
        </test-method> <!-- submitOrder -->
        <test-method is-config="true" signature="closeMethod()[pri:0, instance:SeleniumFramework.SeleniumFrameworkFirst.SubmitOrder@15043a2f]" started-at="2024-09-09T23:34:36 IST" name="closeMethod" finished-at="2024-09-09T23:34:36 IST" duration-ms="134" status="PASS">
          <reporter-output>
          </reporter-output>
        </test-method> <!-- closeMethod -->
        <test-method signature="orderHistoryTest()[pri:0, instance:SeleniumFramework.SeleniumFrameworkFirst.SubmitOrder@15043a2f]" started-at="2024-09-09T23:34:36 IST" name="orderHistoryTest" finished-at="2024-09-09T23:34:36 IST" depends-on-methods="SeleniumFramework.SeleniumFrameworkFirst.SubmitOrder.submitOrder" duration-ms="0" status="SKIP">
          <exception class="java.lang.Throwable">
            <message>
              <![CDATA[Method SeleniumFramework.SeleniumFrameworkFirst.SubmitOrder.orderHistoryTest() on instance SeleniumFramework.SeleniumFrameworkFirst.SubmitOrder@15043a2f depends on not successfully finished methods 
[SeleniumFramework.SeleniumFrameworkFirst.SubmitOrder.submitOrder() on instance SeleniumFramework.SeleniumFrameworkFirst.SubmitOrder@15043a2f]]]>
            </message>
            <full-stacktrace>
              <![CDATA[java.lang.Throwable: Method SeleniumFramework.SeleniumFrameworkFirst.SubmitOrder.orderHistoryTest() on instance SeleniumFramework.SeleniumFrameworkFirst.SubmitOrder@15043a2f depends on not successfully finished methods 
[SeleniumFramework.SeleniumFrameworkFirst.SubmitOrder.submitOrder() on instance SeleniumFramework.SeleniumFrameworkFirst.SubmitOrder@15043a2f]
at org.testng.internal.invokers.TestInvoker.invokeTestMethods(TestInvoker.java:159)
at org.testng.internal.invokers.TestMethodWorker.invokeTestMethods(TestMethodWorker.java:154)
at org.testng.internal.invokers.TestMethodWorker.run(TestMethodWorker.java:134)
at java.base/java.util.ArrayList.forEach(ArrayList.java:1511)
at org.testng.TestRunner.privateRun(TestRunner.java:739)
at org.testng.TestRunner.run(TestRunner.java:614)
at org.testng.SuiteRunner.runTest(SuiteRunner.java:421)
at org.testng.SuiteRunner.runSequentially(SuiteRunner.java:413)
at org.testng.SuiteRunner.privateRun(SuiteRunner.java:373)
at org.testng.SuiteRunner.run(SuiteRunner.java:312)
at org.testng.SuiteRunnerWorker.runSuite(SuiteRunnerWorker.java:52)
at org.testng.SuiteRunnerWorker.run(SuiteRunnerWorker.java:95)
at org.testng.TestNG.runSuitesSequentially(TestNG.java:1274)
at org.testng.TestNG.runSuitesLocally(TestNG.java:1208)
at org.testng.TestNG.runSuites(TestNG.java:1112)
at org.testng.TestNG.run(TestNG.java:1079)
at org.testng.remote.AbstractRemoteTestNG.run(AbstractRemoteTestNG.java:115)
at org.testng.remote.RemoteTestNG.initAndRun(RemoteTestNG.java:293)
at org.testng.remote.RemoteTestNG.main(RemoteTestNG.java:91)
]]>
            </full-stacktrace>
          </exception> <!-- java.lang.Throwable -->
          <reporter-output>
          </reporter-output>
        </test-method> <!-- orderHistoryTest -->
      </class> <!-- SeleniumFramework.SeleniumFrameworkFirst.SubmitOrder -->
    </test> <!-- Default test -->
  </suite> <!-- Default suite -->
</testng-results>
